<?xml version="1.0" encoding="UTF-8"?>
<!-- Generated by org.testng.reporters.JUnitXMLReporter -->
<testsuite hostname="LAPTOP-N6UABUV3" ignored="0" name="my hub spot chrome" tests="2" failures="2" timestamp="2019-09-06T12:22:32 IST" time="8.138" errors="0">
  <testcase name="verifyLoginPageTitle" time="0.026" classname="com.MyTests.LoginTest">
    <failure type="java.lang.AssertionError" message="expected [HubSpot Login] but found [Checking browser]">
      <![CDATA[java.lang.AssertionError: expected [HubSpot Login] but found [Checking browser]
at com.MyTests.LoginTest.verifyLoginPageTitle(LoginTest.java:16)
at java.util.concurrent.ThreadPoolExecutor.runWorker(ThreadPoolExecutor.java:1142)
at java.util.concurrent.ThreadPoolExecutor$Worker.run(ThreadPoolExecutor.java:617)
at java.lang.Thread.run(Thread.java:748)
... Removed 17 stack frames]]>
    </failure>
  </testcase> <!-- verifyLoginPageTitle -->
  <testcase name="verifyLoginPageHeader" time="0.128" classname="com.MyTests.LoginTest">
    <failure type="java.lang.NullPointerException">
      <![CDATA[java.lang.NullPointerException
at com.MyPages.BasePage.getPageHeader(BasePage.java:23)
at com.MyPages.LoginPage.getLoginPageHeader(LoginPage.java:43)
at com.MyTests.LoginTest.verifyLoginPageHeader(LoginTest.java:21)
at java.util.concurrent.ThreadPoolExecutor.runWorker(ThreadPoolExecutor.java:1142)
at java.util.concurrent.ThreadPoolExecutor$Worker.run(ThreadPoolExecutor.java:617)
at java.lang.Thread.run(Thread.java:748)
... Removed 12 stack frames]]>
    </failure>
  </testcase> <!-- verifyLoginPageHeader -->
</testsuite> <!-- my hub spot chrome -->
